98.10.29 18:37 B C:\Kevin\escapek\tvtech\32x32_an.gif <-- escapek /home/users/k/krattai/public_html/tvtech 32x32_an.gif
98.10.29 18:37 B C:\Kevin\escapek\tvtech\adam.htm <-- escapek /home/users/k/krattai/public_html/tvtech adam.htm
98.10.29 18:37 B C:\Kevin\escapek\tvtech\b20.htm <-- escapek /home/users/k/krattai/public_html/tvtech b20.htm
98.10.29 18:37 B C:\Kevin\escapek\tvtech\bar1s.jpg <-- escapek /home/users/k/krattai/public_html/tvtech bar1s.jpg
98.10.29 18:38 B C:\Kevin\escapek\tvtech\bar1u.jpg <-- escapek /home/users/k/krattai/public_html/tvtech bar1u.jpg
98.10.29 18:38 B C:\Kevin\escapek\tvtech\bar2s.jpg <-- escapek /home/users/k/krattai/public_html/tvtech bar2s.jpg
98.10.29 18:38 B C:\Kevin\escapek\tvtech\bar2u.jpg <-- escapek /home/users/k/krattai/public_html/tvtech bar2u.jpg
98.10.29 18:38 B C:\Kevin\escapek\tvtech\bar3s.jpg <-- escapek /home/users/k/krattai/public_html/tvtech bar3s.jpg
98.10.29 18:38 B C:\Kevin\escapek\tvtech\bar3u.jpg <-- escapek /home/users/k/krattai/public_html/tvtech bar3u.jpg
98.10.29 18:38 B C:\Kevin\escapek\tvtech\bar4s.jpg <-- escapek /home/users/k/krattai/public_html/tvtech bar4s.jpg
98.10.29 18:38 B C:\Kevin\escapek\tvtech\bar4u.jpg <-- escapek /home/users/k/krattai/public_html/tvtech bar4u.jpg
98.10.29 18:38 B C:\Kevin\escapek\tvtech\bar5s.jpg <-- escapek /home/users/k/krattai/public_html/tvtech bar5s.jpg
98.10.29 18:38 B C:\Kevin\escapek\tvtech\bar5u.jpg <-- escapek /home/users/k/krattai/public_html/tvtech bar5u.jpg
98.10.29 18:38 B C:\Kevin\escapek\tvtech\bar6s.jpg <-- escapek /home/users/k/krattai/public_html/tvtech bar6s.jpg
98.10.29 18:38 B C:\Kevin\escapek\tvtech\bar6u.jpg <-- escapek /home/users/k/krattai/public_html/tvtech bar6u.jpg
98.10.29 18:38 B C:\Kevin\escapek\tvtech\bar7s.jpg <-- escapek /home/users/k/krattai/public_html/tvtech bar7s.jpg
98.10.29 18:38 B C:\Kevin\escapek\tvtech\bar7u.jpg <-- escapek /home/users/k/krattai/public_html/tvtech bar7u.jpg
98.10.29 18:38 B C:\Kevin\escapek\tvtech\bar8s.jpg <-- escapek /home/users/k/krattai/public_html/tvtech bar8s.jpg
98.10.29 18:38 B C:\Kevin\escapek\tvtech\bar8u.jpg <-- escapek /home/users/k/krattai/public_html/tvtech bar8u.jpg
98.10.29 18:38 B C:\Kevin\escapek\tvtech\bernie.htm <-- escapek /home/users/k/krattai/public_html/tvtech bernie.htm
98.10.29 18:38 B C:\Kevin\escapek\tvtech\blacksun.htm <-- escapek /home/users/k/krattai/public_html/tvtech blacksun.htm
98.10.29 18:39 B C:\Kevin\escapek\tvtech\browsers.htm <-- escapek /home/users/k/krattai/public_html/tvtech browsers.htm
98.10.29 18:39 B C:\Kevin\escapek\tvtech\def.htm <-- escapek /home/users/k/krattai/public_html/tvtech def.htm
98.10.29 18:39 B C:\Kevin\escapek\tvtech\george.htm <-- escapek /home/users/k/krattai/public_html/tvtech george.htm
98.10.29 18:39 B C:\Kevin\escapek\tvtech\howto.htm <-- escapek /home/users/k/krattai/public_html/tvtech howto.htm
98.10.29 18:39 B C:\Kevin\escapek\tvtech\index.htm <-- escapek /home/users/k/krattai/public_html/tvtech index.htm
98.10.29 18:39 B C:\Kevin\escapek\tvtech\jeff.htm <-- escapek /home/users/k/krattai/public_html/tvtech jeff.htm
98.10.29 18:39 B C:\Kevin\escapek\tvtech\kevin.htm <-- escapek /home/users/k/krattai/public_html/tvtech kevin.htm
98.10.29 18:39 B C:\Kevin\escapek\tvtech\ombuds.htm <-- escapek /home/users/k/krattai/public_html/tvtech ombuds.htm
98.10.29 18:39 B C:\Kevin\escapek\tvtech\trravsta.htm <-- escapek /home/users/k/krattai/public_html/tvtech trravsta.htm
98.10.29 18:39 B C:\Kevin\escapek\tvtech\tutorex.txt <-- escapek /home/users/k/krattai/public_html/tvtech tutorex.txt
98.10.29 18:39 B C:\Kevin\escapek\tvtech\tutorex.wrl <-- escapek /home/users/k/krattai/public_html/tvtech tutorex.wrl
98.10.29 18:39 B C:\Kevin\escapek\tvtech\tutorexn.htm <-- escapek /home/users/k/krattai/public_html/tvtech tutorexn.htm
98.10.29 18:40 B C:\Kevin\escapek\tvtech\tutors.htm <-- escapek /home/users/k/krattai/public_html/tvtech tutors.htm
98.10.29 18:40 B C:\Kevin\escapek\tvtech\tutproto.htm <-- escapek /home/users/k/krattai/public_html/tvtech tutproto.htm
98.10.29 18:40 B C:\Kevin\escapek\tvtech\vrmlbg.gif <-- escapek /home/users/k/krattai/public_html/tvtech vrmlbg.gif
