98.10.29 18:25 B C:\Kevin\escapek\images\3-96.gif <-- escapek /home/users/k/krattai/public_html/images 3-96.gif
98.10.29 18:25 B C:\Kevin\escapek\images\alta6.gif <-- escapek /home/users/k/krattai/public_html/images alta6.gif
98.10.29 18:25 B C:\Kevin\escapek\images\ALTA6.GIF <-- escapek /home/users/k/krattai/public_html/images ALTA6.GIF
98.10.29 18:25 B C:\Kevin\escapek\images\animlogo.gif <-- escapek /home/users/k/krattai/public_html/images animlogo.gif
98.10.29 18:25 B C:\Kevin\escapek\images\att.gif <-- escapek /home/users/k/krattai/public_html/images att.gif
98.10.29 18:25 B C:\Kevin\escapek\images\award.jpg <-- escapek /home/users/k/krattai/public_html/images award.jpg
98.10.29 18:25 B C:\Kevin\escapek\images\balls.gif <-- escapek /home/users/k/krattai/public_html/images balls.gif
98.10.29 18:26 B C:\Kevin\escapek\images\banner_s.gif <-- escapek /home/users/k/krattai/public_html/images banner_s.gif
98.10.29 18:26 B C:\Kevin\escapek\images\bench.jpg <-- escapek /home/users/k/krattai/public_html/images bench.jpg
98.10.29 18:26 B C:\Kevin\escapek\images\bjour00.gif <-- escapek /home/users/k/krattai/public_html/images bjour00.gif
98.10.29 18:26 B C:\Kevin\escapek\images\bjstart.gif <-- escapek /home/users/k/krattai/public_html/images bjstart.gif
98.10.29 18:26 B C:\Kevin\escapek\images\bjvrml.jpg <-- escapek /home/users/k/krattai/public_html/images bjvrml.jpg
98.10.29 18:26 B C:\Kevin\escapek\images\crestsm.jpg <-- escapek /home/users/k/krattai/public_html/images crestsm.jpg
98.10.29 18:26 B C:\Kevin\escapek\images\crezy02.gif <-- escapek /home/users/k/krattai/public_html/images crezy02.gif
98.10.29 18:26 B C:\Kevin\escapek\images\crezy02.jpg <-- escapek /home/users/k/krattai/public_html/images crezy02.jpg
98.10.29 18:26 B C:\Kevin\escapek\images\crezy03.jpg <-- escapek /home/users/k/krattai/public_html/images crezy03.jpg
98.10.29 18:27 B C:\Kevin\escapek\images\disk00.jpg <-- escapek /home/users/k/krattai/public_html/images disk00.jpg
98.10.29 18:27 B C:\Kevin\escapek\images\DISK00.JPG <-- escapek /home/users/k/krattai/public_html/images DISK00.JPG
98.10.29 18:27 B C:\Kevin\escapek\images\dongle.jpg <-- escapek /home/users/k/krattai/public_html/images dongle.jpg
98.10.29 18:27 B C:\Kevin\escapek\images\dsing.jpg <-- escapek /home/users/k/krattai/public_html/images dsing.jpg
98.10.29 18:27 B C:\Kevin\escapek\images\emh.gif <-- escapek /home/users/k/krattai/public_html/images emh.gif
98.10.29 18:27 B C:\Kevin\escapek\images\emh.jpg <-- escapek /home/users/k/krattai/public_html/images emh.jpg
98.10.29 18:27 B C:\Kevin\escapek\images\frsands.gif <-- escapek /home/users/k/krattai/public_html/images frsands.gif
98.10.29 18:27 B C:\Kevin\escapek\images\george00.gif <-- escapek /home/users/k/krattai/public_html/images george00.gif
98.10.29 18:27 B C:\Kevin\escapek\images\gtpic.jpg <-- escapek /home/users/k/krattai/public_html/images gtpic.jpg
98.10.29 18:27 B C:\Kevin\escapek\images\hotwired.gif <-- escapek /home/users/k/krattai/public_html/images hotwired.gif
98.10.29 18:28 B C:\Kevin\escapek\images\hrblock0.gif <-- escapek /home/users/k/krattai/public_html/images hrblock0.gif
98.10.29 18:28 B C:\Kevin\escapek\images\hun.gif <-- escapek /home/users/k/krattai/public_html/images hun.gif
98.10.29 18:28 B C:\Kevin\escapek\images\hun.jpg <-- escapek /home/users/k/krattai/public_html/images hun.jpg
98.10.29 18:28 B C:\Kevin\escapek\images\hungary0.gif <-- escapek /home/users/k/krattai/public_html/images hungary0.gif
98.10.29 18:28 B C:\Kevin\escapek\images\hungary0.jpg <-- escapek /home/users/k/krattai/public_html/images hungary0.jpg
98.10.29 18:28 B C:\Kevin\escapek\images\iconsm.jpg <-- escapek /home/users/k/krattai/public_html/images iconsm.jpg
98.10.29 18:28 B C:\Kevin\escapek\images\java00.gif <-- escapek /home/users/k/krattai/public_html/images java00.gif
98.10.29 18:28 B C:\Kevin\escapek\images\java01.gif <-- escapek /home/users/k/krattai/public_html/images java01.gif
98.10.29 18:28 B C:\Kevin\escapek\images\line.gif <-- escapek /home/users/k/krattai/public_html/images line.gif
98.10.29 18:28 B C:\Kevin\escapek\images\lw-logo2.gif <-- escapek /home/users/k/krattai/public_html/images lw-logo2.gif
98.10.29 18:28 B C:\Kevin\escapek\images\lycos.gif <-- escapek /home/users/k/krattai/public_html/images lycos.gif
98.10.29 18:29 B C:\Kevin\escapek\images\mailbox.gif <-- escapek /home/users/k/krattai/public_html/images mailbox.gif
98.10.29 18:29 B C:\Kevin\escapek\images\mindslogo.gif <-- escapek /home/users/k/krattai/public_html/images mindslogo.gif
98.10.29 18:29 B C:\Kevin\escapek\images\mindsl~1.gif <-- escapek /home/users/k/krattai/public_html/images mindsl~1.gif
98.10.29 18:29 B C:\Kevin\escapek\images\mindsl~2.gif <-- escapek /home/users/k/krattai/public_html/images mindsl~2.gif
98.10.29 18:29 B C:\Kevin\escapek\images\mountain.jpg <-- escapek /home/users/k/krattai/public_html/images mountain.jpg
98.10.29 18:29 B C:\Kevin\escapek\images\movies.jpg <-- escapek /home/users/k/krattai/public_html/images movies.jpg
98.10.29 18:29 B C:\Kevin\escapek\images\nato00.gif <-- escapek /home/users/k/krattai/public_html/images nato00.gif
98.10.29 18:29 B C:\Kevin\escapek\images\netscap.gif <-- escapek /home/users/k/krattai/public_html/images netscap.gif
98.10.29 18:29 B C:\Kevin\escapek\images\nomin.jpg <-- escapek /home/users/k/krattai/public_html/images nomin.jpg
98.10.29 18:29 B C:\Kevin\escapek\images\nsnow.gif <-- escapek /home/users/k/krattai/public_html/images nsnow.gif
98.10.29 18:29 B C:\Kevin\escapek\images\nulogo5.jpg <-- escapek /home/users/k/krattai/public_html/images nulogo5.jpg
98.10.29 18:30 B C:\Kevin\escapek\images\nulogo6.jpg <-- escapek /home/users/k/krattai/public_html/images nulogo6.jpg
98.10.29 18:30 B C:\Kevin\escapek\images\paper.gif <-- escapek /home/users/k/krattai/public_html/images paper.gif
98.10.29 18:30 B C:\Kevin\escapek\images\partake.jpg <-- escapek /home/users/k/krattai/public_html/images partake.jpg
98.10.29 18:30 B C:\Kevin\escapek\images\picasso.gif <-- escapek /home/users/k/krattai/public_html/images picasso.gif
98.10.29 18:30 B C:\Kevin\escapek\images\rancb3.gif <-- escapek /home/users/k/krattai/public_html/images rancb3.gif
98.10.29 18:30 B C:\Kevin\escapek\images\recip.gif <-- escapek /home/users/k/krattai/public_html/images recip.gif
98.10.29 18:30 B C:\Kevin\escapek\images\s_splash.gif <-- escapek /home/users/k/krattai/public_html/images s_splash.gif
98.10.29 18:30 B C:\Kevin\escapek\images\s_splash.jpg <-- escapek /home/users/k/krattai/public_html/images s_splash.jpg
98.10.29 18:30 B C:\Kevin\escapek\images\signpost.gif <-- escapek /home/users/k/krattai/public_html/images signpost.gif
98.10.29 18:30 B C:\Kevin\escapek\images\someplc.gif <-- escapek /home/users/k/krattai/public_html/images someplc.gif
98.10.29 18:30 B C:\Kevin\escapek\images\someplc.jpg <-- escapek /home/users/k/krattai/public_html/images someplc.jpg
98.10.29 18:31 B C:\Kevin\escapek\images\sponso.jpg <-- escapek /home/users/k/krattai/public_html/images sponso.jpg
98.10.29 18:31 B C:\Kevin\escapek\images\squirrel.gif <-- escapek /home/users/k/krattai/public_html/images squirrel.gif
98.10.29 18:31 B C:\Kevin\escapek\images\stars.bmp <-- escapek /home/users/k/krattai/public_html/images stars.bmp
98.10.29 18:31 B C:\Kevin\escapek\images\sunc00.gif <-- escapek /home/users/k/krattai/public_html/images sunc00.gif
98.10.29 18:31 B C:\Kevin\escapek\images\surfersp.gif <-- escapek /home/users/k/krattai/public_html/images surfersp.gif
98.10.29 18:31 B C:\Kevin\escapek\images\thxpic.jpg <-- escapek /home/users/k/krattai/public_html/images thxpic.jpg
98.10.29 18:31 B C:\Kevin\escapek\images\tvbck00.jpg <-- escapek /home/users/k/krattai/public_html/images tvbck00.jpg
98.10.29 18:31 B C:\Kevin\escapek\images\tvbck01.jpg <-- escapek /home/users/k/krattai/public_html/images tvbck01.jpg
98.10.29 18:31 B C:\Kevin\escapek\images\tvlogo.jpg <-- escapek /home/users/k/krattai/public_html/images tvlogo.jpg
98.10.29 18:31 B C:\Kevin\escapek\images\uflogo.gif <-- escapek /home/users/k/krattai/public_html/images uflogo.gif
98.10.29 18:32 B C:\Kevin\escapek\images\urlbanner2.jpg <-- escapek /home/users/k/krattai/public_html/images urlbanner2.jpg
98.10.29 18:32 B C:\Kevin\escapek\images\uvea10.gif <-- escapek /home/users/k/krattai/public_html/images uvea10.gif
98.10.29 18:32 B C:\Kevin\escapek\images\uvea11.gif <-- escapek /home/users/k/krattai/public_html/images uvea11.gif
98.10.29 18:32 B C:\Kevin\escapek\images\uvea12.gif <-- escapek /home/users/k/krattai/public_html/images uvea12.gif
98.10.29 18:32 B C:\Kevin\escapek\images\uvea20.jpg <-- escapek /home/users/k/krattai/public_html/images uvea20.jpg
98.10.29 18:32 B C:\Kevin\escapek\images\uveavrml.jpg <-- escapek /home/users/k/krattai/public_html/images uveavrml.jpg
98.10.29 18:32 B C:\Kevin\escapek\images\vc0001.gif <-- escapek /home/users/k/krattai/public_html/images vc0001.gif
98.10.29 18:32 B C:\Kevin\escapek\images\vc0002.gif <-- escapek /home/users/k/krattai/public_html/images vc0002.gif
98.10.29 18:32 B C:\Kevin\escapek\images\vclogo.jpg <-- escapek /home/users/k/krattai/public_html/images vclogo.jpg
98.10.29 18:32 B C:\Kevin\escapek\images\village.gif <-- escapek /home/users/k/krattai/public_html/images village.gif
98.10.29 18:33 B C:\Kevin\escapek\images\visnet00.jpg <-- escapek /home/users/k/krattai/public_html/images visnet00.jpg
98.10.29 18:33 B C:\Kevin\escapek\images\vista.jpg <-- escapek /home/users/k/krattai/public_html/images vista.jpg
98.10.29 18:33 B C:\Kevin\escapek\images\vresou.gif <-- escapek /home/users/k/krattai/public_html/images vresou.gif
98.10.29 18:33 B C:\Kevin\escapek\images\vrml.gif <-- escapek /home/users/k/krattai/public_html/images vrml.gif
98.10.29 18:33 B C:\Kevin\escapek\images\vrpic.jpg <-- escapek /home/users/k/krattai/public_html/images vrpic.jpg
98.10.29 18:33 B C:\Kevin\escapek\images\vrpic1.jpg <-- escapek /home/users/k/krattai/public_html/images vrpic1.jpg
98.10.29 18:33 B C:\Kevin\escapek\images\vrpic10.jpg <-- escapek /home/users/k/krattai/public_html/images vrpic10.jpg
98.10.29 18:33 B C:\Kevin\escapek\images\vrpic2.jpg <-- escapek /home/users/k/krattai/public_html/images vrpic2.jpg
98.10.29 18:33 B C:\Kevin\escapek\images\vrpic4.jpg <-- escapek /home/users/k/krattai/public_html/images vrpic4.jpg
98.10.29 18:33 B C:\Kevin\escapek\images\vrsolut2.gif <-- escapek /home/users/k/krattai/public_html/images vrsolut2.gif
98.10.29 18:33 B C:\Kevin\escapek\images\vsb10.gif <-- escapek /home/users/k/krattai/public_html/images vsb10.gif
98.10.29 18:34 B C:\Kevin\escapek\images\webfxplg.gif <-- escapek /home/users/k/krattai/public_html/images webfxplg.gif
98.10.29 18:34 B C:\Kevin\escapek\images\webfxs3.gif <-- escapek /home/users/k/krattai/public_html/images webfxs3.gif
98.10.29 18:34 B C:\Kevin\escapek\images\wired.gif <-- escapek /home/users/k/krattai/public_html/images wired.gif
98.10.29 18:34 B C:\Kevin\escapek\images\wm_logo.gif <-- escapek /home/users/k/krattai/public_html/images wm_logo.gif
98.10.29 18:34 B C:\Kevin\escapek\images\working.gif <-- escapek /home/users/k/krattai/public_html/images working.gif
